mode: set
awesomeGo/basic/algorithm/LongestSubstringWithoutRepeatingCharacters.go:10.45,15.31 4 0
awesomeGo/basic/algorithm/LongestSubstringWithoutRepeatingCharacters.go:25.2,25.18 1 0
awesomeGo/basic/algorithm/LongestSubstringWithoutRepeatingCharacters.go:15.31,17.27 2 0
awesomeGo/basic/algorithm/LongestSubstringWithoutRepeatingCharacters.go:20.3,20.28 1 0
awesomeGo/basic/algorithm/LongestSubstringWithoutRepeatingCharacters.go:23.3,23.23 1 0
awesomeGo/basic/algorithm/LongestSubstringWithoutRepeatingCharacters.go:17.27,19.4 1 0
awesomeGo/basic/algorithm/LongestSubstringWithoutRepeatingCharacters.go:20.28,22.4 1 0
awesomeGo/basic/algorithm/LongestSubstringWithoutRepeatingCharacters.go:29.37,34.31 4 1
awesomeGo/basic/algorithm/LongestSubstringWithoutRepeatingCharacters.go:44.2,44.18 1 1
awesomeGo/basic/algorithm/LongestSubstringWithoutRepeatingCharacters.go:34.31,36.27 2 1
awesomeGo/basic/algorithm/LongestSubstringWithoutRepeatingCharacters.go:39.3,39.28 1 1
awesomeGo/basic/algorithm/LongestSubstringWithoutRepeatingCharacters.go:42.3,42.23 1 1
awesomeGo/basic/algorithm/LongestSubstringWithoutRepeatingCharacters.go:36.27,38.4 1 1
awesomeGo/basic/algorithm/LongestSubstringWithoutRepeatingCharacters.go:39.28,41.4 1 1
awesomeGo/basic/algorithm/LongestSubstringWithoutRepeatingCharacters.go:47.13,54.2 1 0
